# JRE version: Java(TM) SE Runtime Environment 18.9 (11.0.8+10) (build 11.0.8+10-LTS)
# Java VM: Java HotSpot(TM) 64-Bit Server VM 18.9 (11.0.8+10-LTS, mixed mode, tiered, compressed oops, parallel gc, windows-amd64)
Heap:
 PSYoungGen      total 5120K, used 532K [0x00000000eab00000, 0x00000000eb100000, 0x0000000100000000)
  eden space 4608K, 1% used [0x00000000eab00000,0x00000000eab16b00,0x00000000eaf80000)
  from space 512K, 86% used [0x00000000eb000000,0x00000000eb06e670,0x00000000eb080000)
  to   space 512K, 0% used [0x00000000eb080000,0x00000000eb080000,0x00000000eb100000)
 ParOldGen       total 163840K, used 136065K [0x00000000c0000000, 0x00000000ca000000, 0x00000000eab00000)
  object space 163840K, 83% used [0x00000000c0000000,0x00000000c84e0798,0x00000000ca000000)
 Metaspace       used 82257K, capacity 85723K, committed 86016K, reserved 1126400K
  class space    used 7617K, capacity 8890K, committed 8960K, reserved 1048576K
GC Heap History (10 events):
Event: 925.723 GC heap before
{Heap before GC invocations=647 (full 18):
 PSYoungGen      total 5632K, used 4960K [0x00000000eab00000, 0x00000000eb180000, 0x0000000100000000)
  eden space 4608K, 100% used [0x00000000eab00000,0x00000000eaf80000,0x00000000eaf80000)
  from space 1024K, 34% used [0x00000000eaf80000,0x00000000eafd8010,0x00000000eb080000)
  to   space 512K, 0% used [0x00000000eb100000,0x00000000eb100000,0x00000000eb180000)
 ParOldGen       total 163840K, used 133541K [0x00000000c0000000, 0x00000000ca000000, 0x00000000eab00000)
  object space 163840K, 81% used [0x00000000c0000000,0x00000000c8269778,0x00000000ca000000)
 Metaspace       used 82249K, capacity 85659K, committed 85760K, reserved 1126400K
  class space    used 7617K, capacity 8890K, committed 8960K, reserved 1048576K
}
Event: 925.724 GC heap after
{Heap after GC invocations=647 (full 18):
 PSYoungGen      total 5120K, used 384K [0x00000000eab00000, 0x00000000eb180000, 0x0000000100000000)
  eden space 4608K, 0% used [0x00000000eab00000,0x00000000eab00000,0x00000000eaf80000)
  from space 512K, 75% used [0x00000000eb100000,0x00000000eb160000,0x00000000eb180000)
  to   space 512K, 0% used [0x00000000eb080000,0x00000000eb080000,0x00000000eb100000)
 ParOldGen       total 163840K, used 133721K [0x00000000c0000000, 0x00000000ca000000, 0x00000000eab00000)
  object space 163840K, 81% used [0x00000000c0000000,0x00000000c8296798,0x00000000ca000000)
 Metaspace       used 82249K, capacity 85659K, committed 85760K, reserved 1126400K
  class space    used 7617K, capacity 8890K, committed 8960K, reserved 1048576K
}
Event: 925.743 GC heap before
{Heap before GC invocations=648 (full 18):
 PSYoungGen      total 5120K, used 4992K [0x00000000eab00000, 0x00000000eb180000, 0x0000000100000000)
  eden space 4608K, 100% used [0x00000000eab00000,0x00000000eaf80000,0x00000000eaf80000)
  from space 512K, 75% used [0x00000000eb100000,0x00000000eb160000,0x00000000eb180000)
  to   space 512K, 0% used [0x00000000eb080000,0x00000000eb080000,0x00000000eb100000)
 ParOldGen       total 163840K, used 133721K [0x00000000c0000000, 0x00000000ca000000, 0x00000000eab00000)
  object space 163840K, 81% used [0x00000000c0000000,0x00000000c8296798,0x00000000ca000000)
 Metaspace       used 82250K, capacity 85659K, committed 85760K, reserved 1126400K
  class space    used 7617K, capacity 8890K, committed 8960K, reserved 1048576K
}
Event: 925.745 GC heap after
{Heap after GC invocations=648 (full 18):
 PSYoungGen      total 5120K, used 510K [0x00000000eab00000, 0x00000000eb180000, 0x0000000100000000)
  eden space 4608K, 0% used [0x00000000eab00000,0x00000000eab00000,0x00000000eaf80000)
  from space 512K, 99% used [0x00000000eb080000,0x00000000eb0ffbf8,0x00000000eb100000)
  to   space 512K, 0% used [0x00000000eb100000,0x00000000eb100000,0x00000000eb180000)
 ParOldGen       total 163840K, used 133985K [0x00000000c0000000, 0x00000000ca000000, 0x00000000eab00000)
  object space 163840K, 81% used [0x00000000c0000000,0x00000000c82d8798,0x00000000ca000000)
 Metaspace       used 82250K, capacity 85659K, committed 85760K, reserved 1126400K
  class space    used 7617K, capacity 8890K, committed 8960K, reserved 1048576K
}
Event: 925.758 GC heap before
{Heap before GC invocations=649 (full 18):
 PSYoungGen      total 5120K, used 5118K [0x00000000eab00000, 0x00000000eb180000, 0x0000000100000000)
  eden space 4608K, 100% used [0x00000000eab00000,0x00000000eaf80000,0x00000000eaf80000)
  from space 512K, 99% used [0x00000000eb080000,0x00000000eb0ffbf8,0x00000000eb100000)
  to   space 512K, 0% used [0x00000000eb100000,0x00000000eb100000,0x00000000eb180000)
 ParOldGen       total 163840K, used 133985K [0x00000000c0000000, 0x00000000ca000000, 0x00000000eab00000)
  object space 163840K, 81% used [0x00000000c0000000,0x00000000c82d8798,0x00000000ca000000)
 Metaspace       used 82250K, capacity 85659K, committed 85760K, reserved 1126400K
  class space    used 7617K, capacity 8890K, committed 8960K, reserved 1048576K
}
Event: 925.759 GC heap after
{Heap after GC invocations=649 (full 18):
 PSYoungGen      total 5120K, used 497K [0x00000000eab00000, 0x00000000eb180000, 0x0000000100000000)
  eden space 4608K, 0% used [0x00000000eab00000,0x00000000eab00000,0x00000000eaf80000)
  from space 512K, 97% used [0x00000000eb100000,0x00000000eb17c5f8,0x00000000eb180000)
  to   space 1024K, 0% used [0x00000000eaf80000,0x00000000eaf80000,0x00000000eb080000)
 ParOldGen       total 163840K, used 134441K [0x00000000c0000000, 0x00000000ca000000, 0x00000000eab00000)
  object space 163840K, 82% used [0x00000000c0000000,0x00000000c834a798,0x00000000ca000000)
 Metaspace       used 82250K, capacity 85659K, committed 85760K, reserved 1126400K
  class space    used 7617K, capacity 8890K, committed 8960K, reserved 1048576K
}
Event: 925.774 GC heap before
{Heap before GC invocations=650 (full 18):
 PSYoungGen      total 5120K, used 5105K [0x00000000eab00000, 0x00000000eb180000, 0x0000000100000000)
  eden space 4608K, 100% used [0x00000000eab00000,0x00000000eaf80000,0x00000000eaf80000)
  from space 512K, 97% used [0x00000000eb100000,0x00000000eb17c5f8,0x00000000eb180000)
  to   space 1024K, 0% used [0x00000000eaf80000,0x00000000eaf80000,0x00000000eb080000)
 ParOldGen       total 163840K, used 134441K [0x00000000c0000000, 0x00000000ca000000, 0x00000000eab00000)
  object space 163840K, 82% used [0x00000000c0000000,0x00000000c834a798,0x00000000ca000000)
 Metaspace       used 82250K, capacity 85659K, committed 85760K, reserved 1126400K
  class space    used 7617K, capacity 8890K, committed 8960K, reserved 1048576K
}
Event: 925.775 GC heap after
{Heap after GC invocations=650 (full 18):
 PSYoungGen      total 5632K, used 726K [0x00000000eab00000, 0x00000000eb180000, 0x0000000100000000)
  eden space 4608K, 0% used [0x00000000eab00000,0x00000000eab00000,0x00000000eaf80000)
  from space 1024K, 70% used [0x00000000eaf80000,0x00000000eb035910,0x00000000eb080000)
  to   space 1024K, 0% used [0x00000000eb080000,0x00000000eb080000,0x00000000eb180000)
 ParOldGen       total 163840K, used 134809K [0x00000000c0000000, 0x00000000ca000000, 0x00000000eab00000)
  object space 163840K, 82% used [0x00000000c0000000,0x00000000c83a6798,0x00000000ca000000)
 Metaspace       used 82250K, capacity 85659K, committed 85760K, reserved 1126400K
  class space    used 7617K, capacity 8890K, committed 8960K, reserved 1048576K
}
Event: 925.794 GC heap before
{Heap before GC invocations=651 (full 18):
 PSYoungGen      total 5632K, used 5334K [0x00000000eab00000, 0x00000000eb180000, 0x0000000100000000)
  eden space 4608K, 100% used [0x00000000eab00000,0x00000000eaf80000,0x00000000eaf80000)
  from space 1024K, 70% used [0x00000000eaf80000,0x00000000eb035910,0x00000000eb080000)
  to   space 1024K, 0% used [0x00000000eb080000,0x00000000eb080000,0x00000000eb180000)
 ParOldGen       total 163840K, used 134809K [0x00000000c0000000, 0x00000000ca000000, 0x00000000eab00000)
  object space 163840K, 82% used [0x00000000c0000000,0x00000000c83a6798,0x00000000ca000000)
 Metaspace       used 82257K, capacity 85723K, committed 86016K, reserved 1126400K
  class space    used 7617K, capacity 8890K, committed 8960K, reserved 1048576K
}
Event: 925.795 GC heap after
{Heap after GC invocations=651 (full 18):
 PSYoungGen      total 5632K, used 561K [0x00000000eab00000, 0x00000000eb180000, 0x0000000100000000)
  eden space 4608K, 0% used [0x00000000eab00000,0x00000000eab00000,0x00000000eaf80000)
  from space 1024K, 54% used [0x00000000eb080000,0x00000000eb10c680,0x00000000eb180000)
  to   space 1024K, 0% used [0x00000000eaf80000,0x00000000eaf80000,0x00000000eb080000)
 ParOldGen       total 163840K, used 135201K [0x00000000c0000000, 0x00000000ca000000, 0x00000000eab00000)
  object space 163840K, 82% used [0x00000000c0000000,0x00000000c8408798,0x00000000ca000000)
 Metaspace       used 82257K, capacity 85723K, committed 86016K, reserved 1126400K
  class space    used 7617K, capacity 8890K, committed 8960K, reserved 1048576K
}

